#
# There is insufficient memory for the Java Runtime Environment to continue.
# Native memory allocation (mmap) failed to map 257949696 bytes. Error detail: G1 virtual space
# Possible reasons:
#   The system is out of physical RAM or swap space
#   This process is running with CompressedOops enabled, and the Java Heap may be blocking the growth of the native heap
# Possible solutions:
#   Reduce memory load on the system
#   Increase physical memory or swap space
#   Check if swap backing store is full
#   Decrease Java heap size (-Xmx/-Xms)
#   Decrease number of Java threads
#   Decrease Java thread stack sizes (-Xss)
#   Set larger code cache with -XX:ReservedCodeCacheSize=
#   JVM is running with Zero Based Compressed Oops mode in which the Java heap is
#     placed in the first 32GB address space. The Java Heap base address is the
#     maximum limit for the native heap growth. Please use -XX:HeapBaseMinAddress
#     to set the Java Heap base and to place the Java Heap above 32GB virtual address.
# This output file may be truncated or incomplete.
#
#  Out of Memory Error (os_windows.cpp:3828), pid=27348, tid=10096
#
# JRE version:  (21.0.4) (build )
# Java VM: OpenJDK 64-Bit Server VM (21.0.4+-12508038-b607.1, mixed mode, sharing, tiered, compressed oops, compressed class ptrs, g1 gc, windows-amd64)
# No core dump will be written. Minidumps are not enabled by default on client versions of Windows
#

---------------  S U M M A R Y ------------

Command Line: git4idea.http.GitAskPassApp Username for 'https://github.com': 

Host: AMD Ryzen 7 8845HS w/ Radeon 780M Graphics     , 16 cores, 15G,  Windows 11 , 64 bit Build 26100 (10.0.26100.3912)
Time: Thu May  8 21:19:20 2025 Sri Lanka Standard Time elapsed time: 1.023812 seconds (0d 0h 0m 1s)

---------------  T H R E A D  ---------------

Current thread (0x000001b5eaa5f1a0):  JavaThread "Unknown thread" [_thread_in_vm, id=10096, stack(0x0000000646f00000,0x0000000647000000) (1024K)]

Stack: [0x0000000646f00000,0x0000000647000000]
Native frames: (J=compiled Java code, j=interpreted, Vv=VM code, C=native code)
V  [jvm.dll+0x6ce539]
V  [jvm.dll+0x85bf03]
V  [jvm.dll+0x85e45e]
V  [jvm.dll+0x85eb43]
V  [jvm.dll+0x27dd06]
V  [jvm.dll+0x6cada5]
V  [jvm.dll+0x6bf27a]
V  [jvm.dll+0x3541fb]
V  [jvm.dll+0x35be36]
V  [jvm.dll+0x3adbc6]
V  [jvm.dll+0x3ade98]
V  [jvm.dll+0x32691c]
V  [jvm.dll+0x32760b]
V  [jvm.dll+0x823959]
V  [jvm.dll+0x3bacf8]
V  [jvm.dll+0x80cd58]
V  [jvm.dll+0x44ef2e]
V  [jvm.dll+0x450691]
C  [jli.dll+0x52ab]
C  [ucrtbase.dll+0x37b0]
C  [KERNEL32.DLL+0x2e8d7]
C  [ntdll.dll+0x9c5dc]


---------------  P R O C E S S  ---------------

Threads class SMR info:
_java_thread_list=0x00007fff311ea808, length=0, elements={
}

Java Threads: ( => current thread )
Total: 0

Other Threads:
  0x000001b5eaabccb0 WorkerThread "GC Thread#0"                     [id=19168, stack(0x0000000647000000,0x0000000647100000) (1024K)]
  0x000001b5eaacf0a0 ConcurrentGCThread "G1 Main Marker"            [id=23524, stack(0x0000000647100000,0x0000000647200000) (1024K)]
  0x000001b5eaad1790 WorkerThread "G1 Conc#0"                       [id=25772, stack(0x0000000647200000,0x0000000647300000) (1024K)]

[error occurred during error reporting (printing all threads), id 0xc0000005, EXCEPTION_ACCESS_VIOLATION (0xc0000005) at pc=0x00007fff309e9957]
VM state: not at safepoint (not fully initialized)

VM Mutex/Monitor currently owned by a thread:  ([mutex/lock_event])
[0x00007fff312573f8] Heap_lock - owner thread: 0x000001b5eaa5f1a0

Heap address: 0x000000070b000000, size: 3920 MB, Compressed Oops mode: Zero based, Oop shift amount: 3

CDS archive(s) mapped at: [0x0000000000000000-0x0000000000000000-0x0000000000000000), size 0, SharedBaseAddress: 0x0000000800000000, ArchiveRelocationMode: 1.
Narrow klass base: 0x0000000000000000, Narrow klass shift: 0, Narrow klass range: 0x0

GC Precious Log:
 CardTable entry size: 512
 Card Set container configuration: InlinePtr #cards 4 size 8 Array Of Cards #cards 16 size 48 Howl #buckets 8 coarsen threshold 3686 Howl Bitmap #cards 512 size 80 coarsen threshold 460 Card regions per heap region 1 cards per card region 4096

Heap:
 garbage-first heap   total 0K, used 0K [0x000000070b000000, 0x0000000800000000)
  region size 2048K, 0 young (0K), 0 survivors (0K)
 Metaspace       used 0K, committed 0K, reserved 0K
  class space    used 0K, committed 0K, reserved 0K

Heap Regions: E=young(eden), S=young(survivor), O=old, HS=humongous(starts), HC=humongous(continues), CS=collection set, F=free, TAMS=top-at-mark-start, PB=parsable bottom

Card table byte_map: [0x000001b5fdbd0000,0x000001b5fe380000] _byte_map_base: 0x000001b5fa378000

Marking Bits: (CMBitMap*) 0x000001b5eaabf2c0
 Bits: [0x000001b580000000, 0x000001b583d40000)

GC Heap History (0 events):
No events

Dll operation events (1 events):
Event: 0.005 Loaded shared library C:\Program Files\Android\Android Studio\jbr\bin\java.dll

Deoptimization events (0 events):
No events

Classes loaded (0 events):
No events

Classes unloaded (0 events):
No events

Classes redefined (0 events):
No events

Internal exceptions (0 events):
No events

ZGC Phase Switch (0 events):
No events

VM Operations (0 events):
No events

Memory protections (0 events):
No events

Nmethod flushes (0 events):
No events

Events (0 events):
No events


Dynamic libraries:
0x00007ff7311c0000 - 0x00007ff7311ca000 	C:\Program Files\Android\Android Studio\jbr\bin\java.exe
0x00007fff88dc0000 - 0x00007fff89026000 	C:\WINDOWS\SYSTEM32\ntdll.dll
0x00007fff86b80000 - 0x00007fff86c49000 	C:\WINDOWS\System32\KERNEL32.DLL
0x00007fff86570000 - 0x00007fff8693c000 	C:\WINDOWS\System32\KERNELBASE.dll
0x00007fff85ff0000 - 0x00007fff8613b000 	C:\WINDOWS\System32\ucrtbase.dll
0x00007fff7ea00000 - 0x00007fff7ea1b000 	C:\Program Files\Android\Android Studio\jbr\bin\VCRUNTIME140.dll
0x00007fff77600000 - 0x00007fff77618000 	C:\Program Files\Android\Android Studio\jbr\bin\jli.dll
0x00007fff86cb0000 - 0x00007fff86e7a000 	C:\WINDOWS\System32\USER32.dll
0x00007fff6d3b0000 - 0x00007fff6d64a000 	C:\WINDOWS\WinSxS\amd64_microsoft.windows.common-controls_6595b64144ccf1df_6.0.26100.3912_none_3e07963ce335137e\COMCTL32.dll
0x00007fff87350000 - 0x00007fff873f9000 	C:\WINDOWS\System32\msvcrt.dll
0x00007fff86940000 - 0x00007fff86967000 	C:\WINDOWS\System32\win32u.dll
0x00007fff88d50000 - 0x00007fff88d7b000 	C:\WINDOWS\System32\GDI32.dll
0x00007fff862b0000 - 0x00007fff863e2000 	C:\WINDOWS\System32\gdi32full.dll
0x00007fff86200000 - 0x00007fff862a3000 	C:\WINDOWS\System32\msvcp_win.dll
0x00007fff87400000 - 0x00007fff87430000 	C:\WINDOWS\System32\IMM32.DLL
0x00007fff7f800000 - 0x00007fff7f80c000 	C:\Program Files\Android\Android Studio\jbr\bin\vcruntime140_1.dll
0x00007fff68750000 - 0x00007fff687dd000 	C:\Program Files\Android\Android Studio\jbr\bin\msvcp140.dll
0x00007fff306b0000 - 0x00007fff31333000 	C:\Program Files\Android\Android Studio\jbr\bin\server\jvm.dll
0x00007fff86f70000 - 0x00007fff87022000 	C:\WINDOWS\System32\ADVAPI32.dll
0x00007fff87440000 - 0x00007fff874e6000 	C:\WINDOWS\System32\sechost.dll
0x00007fff87b30000 - 0x00007fff87c46000 	C:\WINDOWS\System32\RPCRT4.dll
0x00007fff87140000 - 0x00007fff871b4000 	C:\WINDOWS\System32\WS2_32.dll
0x00007fff84b80000 - 0x00007fff84bde000 	C:\WINDOWS\SYSTEM32\POWRPROF.dll
0x00007fff7d900000 - 0x00007fff7d90b000 	C:\WINDOWS\SYSTEM32\VERSION.dll
0x00007fff77ad0000 - 0x00007fff77b06000 	C:\WINDOWS\SYSTEM32\WINMM.dll
0x00007fff84b60000 - 0x00007fff84b74000 	C:\WINDOWS\SYSTEM32\UMPDC.dll
0x00007fff84e30000 - 0x00007fff84e4a000 	C:\WINDOWS\SYSTEM32\kernel.appcore.dll
0x00007fff7e9f0000 - 0x00007fff7e9fa000 	C:\Program Files\Android\Android Studio\jbr\bin\jimage.dll
0x00007fff83760000 - 0x00007fff839a1000 	C:\WINDOWS\SYSTEM32\DBGHELP.DLL
0x00007fff88740000 - 0x00007fff88ac4000 	C:\WINDOWS\System32\combase.dll
0x00007fff87d30000 - 0x00007fff87e10000 	C:\WINDOWS\System32\OLEAUT32.dll
0x00007fff62310000 - 0x00007fff62349000 	C:\WINDOWS\SYSTEM32\dbgcore.DLL
0x00007fff85f50000 - 0x00007fff85fe9000 	C:\WINDOWS\System32\bcryptPrimitives.dll
0x00007fff77490000 - 0x00007fff774b0000 	C:\Program Files\Android\Android Studio\jbr\bin\java.dll

dbghelp: loaded successfully - version: 4.0.5 - missing functions: none
symbol engine: initialized successfully - sym options: 0x614 - pdb path: .;C:\Program Files\Android\Android Studio\jbr\bin;C:\WINDOWS\SYSTEM32;C:\WINDOWS\WinSxS\amd64_microsoft.windows.common-controls_6595b64144ccf1df_6.0.26100.3912_none_3e07963ce335137e;C:\Program Files\Android\Android Studio\jbr\bin\server

VM Arguments:
java_command: git4idea.http.GitAskPassApp Username for 'https://github.com': 
java_class_path (initial): C:/Program Files/Android/Android Studio/plugins/vcs-git/lib/git4idea-rt.jar;C:/Program Files/Android/Android Studio/lib/externalProcess-rt.jar
Launcher Type: SUN_STANDARD

[Global flags]
     intx CICompilerCount                          = 12                                        {product} {ergonomic}
     uint ConcGCThreads                            = 3                                         {product} {ergonomic}
     uint G1ConcRefinementThreads                  = 13                                        {product} {ergonomic}
   size_t G1HeapRegionSize                         = 2097152                                   {product} {ergonomic}
    uintx GCDrainStackTargetSize                   = 64                                        {product} {ergonomic}
   size_t InitialHeapSize                          = 257949696                                 {product} {ergonomic}
   size_t MarkStackSize                            = 4194304                                   {product} {ergonomic}
   size_t MaxHeapSize                              = 4110417920                                {product} {ergonomic}
   size_t MinHeapDeltaBytes                        = 2097152                                   {product} {ergonomic}
   size_t MinHeapSize                              = 8388608                                   {product} {ergonomic}
    uintx NonNMethodCodeHeapSize                   = 7602480                                {pd product} {ergonomic}
    uintx NonProfiledCodeHeapSize                  = 122027880                              {pd product} {ergonomic}
    uintx ProfiledCodeHeapSize                     = 122027880                              {pd product} {ergonomic}
    uintx ReservedCodeCacheSize                    = 251658240                              {pd product} {ergonomic}
     bool SegmentedCodeCache                       = true                                      {product} {ergonomic}
   size_t SoftMaxHeapSize                          = 4110417920                             {manageable} {ergonomic}
     bool UseCompressedOops                        = true                           {product lp64_product} {ergonomic}
     bool UseG1GC                                  = true                                      {product} {ergonomic}
     bool UseLargePagesIndividualAllocation        = false                                  {pd product} {ergonomic}

Logging:
Log output configuration:
 #0: stdout all=warning uptime,level,tags foldmultilines=false
 #1: stderr all=off uptime,level,tags foldmultilines=false

Environment Variables:
JAVA_HOME=C:\Program Files\Microsoft\jdk-17.0.14.7-hotspot\
PATH=C:\Program Files\Git\mingw64\libexec\git-core;C:\Program Files\Git\mingw64\libexec\git-core;C:\Program Files\Git\mingw64\bin;C:\Program Files\Git\usr\bin;C:\Users\User\bin;C:\Program Files\Microsoft\jdk-17.0.14.7-hotspot\bin;C:\Program Files\Eclipse Adoptium\jdk-17.0.13.11-hotspot\bin;C:\WINDOWS\system32;C:\WINDOWS;C:\WINDOWS\System32\Wbem;C:\WINDOWS\System32\WindowsPowerShell\v1.0;C:\WINDOWS\System32\OpenSSH;C:\Program Files (x86)\NVIDIA Corporation\PhysX\Common;C:\Program Files (x86)\Git\cmd;C:\flutter\bin;C:\Program Files (x86)\Node;C:\Program Files\NVIDIA Corporation\NVIDIA app\NvDLISR;C:\Program Files\MongoDB\Server\8.0\bin;C:\Program Files\mongosh-2.3.7-win32-x64\mongosh-2.3.7-win32-x64\bin;C:\Program Files\Git\cmd;C:\Users\User\AppData\Local\Android\sdk\cmdline-tools\latest\bin;C:\ProgramData\chocolatey\bin;C:\Users\User\AppData\Local\Microsoft\WindowsApps;D:\Softwares\Microsoft VS Code\bin;E:\Softwares\IntelliJ IDEA 2024.3\bin;C:\Users\User\AppData\Local\GitHubDesktop\bin;E:\Softwares\flutter\bin;C:\Users\User\AppData\Roaming\npm;C:\Users\User\AppData\Local\Android\Sdk\platform-tools
USERNAME=User
DISPLAY=:0.0
LC_ALL=en_US.UTF-8
TERM=xterm-256color
TMPDIR=C:\Users\User\AppData\Local\Temp
OS=Windows_NT
PROCESSOR_IDENTIFIER=AMD64 Family 25 Model 117 Stepping 2, AuthenticAMD
TMP=C:\Users\User\AppData\Local\Temp
TEMP=C:\Users\User\AppData\Local\Temp




Periodic native trim disabled

JNI global refs:
JNI global refs: 0, weak refs: 0

JNI global refs memory usage: 0, weak refs: 0

Process memory usage:
Resident Set Size: 13048K (0% of 16050548K total physical memory with 2195604K free physical memory)

OOME stack traces (most recent first):
Classloader memory used:

---------------  S Y S T E M  ---------------

OS:
 Windows 11 , 64 bit Build 26100 (10.0.26100.3912)
OS uptime: 1 days 11:50 hours
Hyper-V role detected

CPU: total 16 (initial active 16) (16 cores per cpu, 2 threads per core) family 25 model 117 stepping 2 microcode 0xa705206, cx8, cmov, fxsr, ht, mmx, 3dnowpref, sse, sse2, sse3, ssse3, sse4a, sse4.1, sse4.2, popcnt, lzcnt, tsc, tscinvbit, avx, avx2, aes, erms, clmul, bmi1, bmi2, adx, avx512f, avx512dq, avx512cd, avx512bw, avx512vl, sha, fma, vzeroupper, avx512_vpopcntdq, avx512_vpclmulqdq, avx512_vaes, avx512_vnni, clflush, clflushopt, avx512_vbmi2, avx512_vbmi, hv, rdtscp, rdpid, fsrm, gfni, avx512_bitalg, f16c, cet_ss, avx512_ifma
Processor Information for processor 0
  Max Mhz: 3801, Current Mhz: 3801, Mhz Limit: 3801
Processor Information for processor 1
  Max Mhz: 3801, Current Mhz: 2499, Mhz Limit: 3801
Processor Information for processor 2
  Max Mhz: 3801, Current Mhz: 2499, Mhz Limit: 3801
Processor Information for processor 3
  Max Mhz: 3801, Current Mhz: 2499, Mhz Limit: 3801
Processor Information for processor 4
  Max Mhz: 3801, Current Mhz: 3801, Mhz Limit: 3801
Processor Information for processor 5
  Max Mhz: 3801, Current Mhz: 2499, Mhz Limit: 3801
Processor Information for processor 6
  Max Mhz: 3801, Current Mhz: 2499, Mhz Limit: 3801
Processor Information for processor 7
  Max Mhz: 3801, Current Mhz: 3801, Mhz Limit: 3801
Processor Information for processor 8
  Max Mhz: 3801, Current Mhz: 2499, Mhz Limit: 3801
Processor Information for processor 9
  Max Mhz: 3801, Current Mhz: 2499, Mhz Limit: 3801
Processor Information for processor 10
  Max Mhz: 3801, Current Mhz: 2499, Mhz Limit: 3801
Processor Information for processor 11
  Max Mhz: 3801, Current Mhz: 3801, Mhz Limit: 3801
Processor Information for processor 12
  Max Mhz: 3801, Current Mhz: 2499, Mhz Limit: 3801
Processor Information for processor 13
  Max Mhz: 3801, Current Mhz: 3801, Mhz Limit: 3801
Processor Information for processor 14
  Max Mhz: 3801, Current Mhz: 2499, Mhz Limit: 3801
Processor Information for processor 15
  Max Mhz: 3801, Current Mhz: 2499, Mhz Limit: 3801

Memory: 4k page, system-wide physical 15674M (2144M free)
TotalPageFile size 49956M (AvailPageFile size 103M)
current process WorkingSet (physical memory assigned to process): 12M, peak: 12M
current process commit charge ("private bytes"): 70M, peak: 316M

vm_info: OpenJDK 64-Bit Server VM (21.0.4+-12508038-b607.1) for windows-amd64 JRE (21.0.4+-12508038-b607.1), built on 2024-10-16T17:23:34Z by "builder" with MS VC++ 16.10 / 16.11 (VS2019)

END.
